<?xml version="1.0" encoding="UTF-8"?>
<!-- Generated by org.testng.reporters.JUnitXMLReporter -->
<testsuite ignored="0" hostname="DESKTOP-9D2ELR4" failures="0" tests="8" name="Default test" time="1.975" errors="0" timestamp="2022-12-27T11:22:52 IST">
  <testcase classname="utils.Excelutils" name="getCellOperation" time="1.281"/>
  <testcase classname="utils.Excelutils" name="getDifferentCellValues" time="0.059"/>
  <testcase classname="utils.Excelutils" name="getDifferentCellValues_2" time="0.058"/>
  <testcase classname="utils.Excelutils" name="getEachRowAllCellValue" time="0.097"/>
  <testcase classname="utils.Excelutils" name="getEachRowFirstCellValue" time="0.057"/>
  <testcase classname="utils.Excelutils" name="getRowOperation" time="0.055"/>
  <testcase classname="utils.Excelutils" name="getSheetName" time="0.043"/>
  <testcase classname="utils.Excelutils" name="updateResult" time="0.211"/>
</testsuite> <!-- Default test -->
