<?xml version="1.0" encoding="UTF-8"?>
<testng-results ignored="0" total="8" passed="8" failed="0" skipped="0">
  <reporter-output>
  </reporter-output>
  <suite started-at="2022-12-27T11:22:50 IST" name="Default suite" finished-at="2022-12-27T11:22:52 IST" duration-ms="1975">
    <groups>
    </groups>
    <test started-at="2022-12-27T11:22:50 IST" name="Default test" finished-at="2022-12-27T11:22:52 IST" duration-ms="1975">
      <class name="utils.Excelutils">
        <test-method signature="getCellOperation()[pri:0, instance:utils.Excelutils@649bec2e]" started-at="2022-12-27T11:22:50 IST" name="getCellOperation" finished-at="2022-12-27T11:22:51 IST" duration-ms="1281" status="PASS">
          <reporter-output>
          </reporter-output>
        </test-method> <!-- getCellOperation -->
        <test-method signature="getDifferentCellValues()[pri:0, instance:utils.Excelutils@649bec2e]" started-at="2022-12-27T11:22:51 IST" name="getDifferentCellValues" finished-at="2022-12-27T11:22:51 IST" duration-ms="59" status="PASS">
          <reporter-output>
          </reporter-output>
        </test-method> <!-- getDifferentCellValues -->
        <test-method signature="getDifferentCellValues_2()[pri:0, instance:utils.Excelutils@649bec2e]" started-at="2022-12-27T11:22:51 IST" name="getDifferentCellValues_2" finished-at="2022-12-27T11:22:51 IST" duration-ms="58" status="PASS">
          <reporter-output>
          </reporter-output>
        </test-method> <!-- getDifferentCellValues_2 -->
        <test-method signature="getEachRowAllCellValue()[pri:0, instance:utils.Excelutils@649bec2e]" started-at="2022-12-27T11:22:51 IST" name="getEachRowAllCellValue" finished-at="2022-12-27T11:22:51 IST" duration-ms="97" status="PASS">
          <reporter-output>
          </reporter-output>
        </test-method> <!-- getEachRowAllCellValue -->
        <test-method signature="getEachRowFirstCellValue()[pri:0, instance:utils.Excelutils@649bec2e]" started-at="2022-12-27T11:22:51 IST" name="getEachRowFirstCellValue" finished-at="2022-12-27T11:22:51 IST" duration-ms="57" status="PASS">
          <reporter-output>
          </reporter-output>
        </test-method> <!-- getEachRowFirstCellValue -->
        <test-method signature="getRowOperation()[pri:0, instance:utils.Excelutils@649bec2e]" started-at="2022-12-27T11:22:51 IST" name="getRowOperation" finished-at="2022-12-27T11:22:51 IST" duration-ms="55" status="PASS">
          <reporter-output>
          </reporter-output>
        </test-method> <!-- getRowOperation -->
        <test-method signature="getSheetName()[pri:0, instance:utils.Excelutils@649bec2e]" started-at="2022-12-27T11:22:51 IST" name="getSheetName" finished-at="2022-12-27T11:22:52 IST" duration-ms="43" status="PASS">
          <reporter-output>
          </reporter-output>
        </test-method> <!-- getSheetName -->
        <test-method signature="updateResult()[pri:0, instance:utils.Excelutils@649bec2e]" started-at="2022-12-27T11:22:52 IST" name="updateResult" finished-at="2022-12-27T11:22:52 IST" duration-ms="211" status="PASS">
          <reporter-output>
          </reporter-output>
        </test-method> <!-- updateResult -->
      </class> <!-- utils.Excelutils -->
    </test> <!-- Default test -->
  </suite> <!-- Default suite -->
</testng-results>
